-------------------------------------------------------------------------------
Test set: com.portfolio.mgy.Entity.PersonaTest
-------------------------------------------------------------------------------
Tests run: 1, Failures: 1, Errors: 0, Skipped: 0, Time elapsed: 0.041 s <<< FAILURE! - in com.portfolio.mgy.Entity.PersonaTest
testSomeMethod  Time elapsed: 0.024 s  <<< FAILURE!
org.opentest4j.AssertionFailedError: The test case is a prototype.
	at com.portfolio.mgy.Entity.PersonaTest.testSomeMethod(PersonaTest.java:43)

